#
# A fatal error has been detected by the Java Runtime Environment:
#
#  EXCEPTION_ACCESS_VIOLATION (0xc0000005) at pc=0x0000000058c08845, pid=8908, tid=5680
#
# JRE version: Java(TM) SE Runtime Environment (8.0_60-b27) (build 1.8.0_60-b27)
# Java VM: Java HotSpot(TM) 64-Bit Server VM (25.60-b23 mixed mode windows-amd64 compressed oops)
# Problematic frame:
# V  [jvm.dll+0x128845]
#
# Failed to write core dump. Minidumps are not enabled by default on client versions of Windows
#
# If you would like to submit a bug report, please visit:
#   http://bugreport.java.com/bugreport/crash.jsp
#

---------------  T H R E A D  ---------------

Current thread (0x000000005937c000):  JavaThread "JDWP Transport Listener: dt_socket" daemon [_thread_in_vm, id=5680, stack(0x0000000059f70000,0x000000005a070000)]

siginfo: ExceptionCode=0xc0000005, reading address 0xffffffffffffffff

Registers:
RAX=0x000000005a06f101, RBX=0x000000005937c000, RCX=0x75636e6f632f6c69, RDX=0x0000000000000000
RSP=0x000000005a06f0e0, RBP=0x75636e6f632f6c69, RSI=0x000000005a06f1f8, RDI=0x00000000022f8e00
R8 =0x000000005937c000, R9 =0x000000000000ff00, R10=0x0000000000000000, R11=0x6f6333df00070008
R12=0x0000000000000000, R13=0x000000005760e778, R14=0x0000000000000000, R15=0x0000000000000000
RIP=0x0000000058c08845, EFLAGS=0x0000000000010206

Top of Stack: (sp=0x000000005a06f0e0)
0x000000005a06f0e0:   000000005937c000 000000005937c000
0x000000005a06f0f0:   000000005a06f1a8 0000000058e0e18b
0x000000005a06f100:   000000005937c000 0000000058e2a9ed
0x000000005a06f110:   0000000000000000 000000005f639155
0x000000005a06f120:   000000005941b6e0 000000005f64291e
0x000000005a06f130:   000000005937c000 0000000000000000
0x000000005a06f140:   0000000000000000 0000000000000000
0x000000005a06f150:   75636e6f632f6c69 000000005f641a15
0x000000005a06f160:   000000005a06f1f8 000000005a06f1d0
0x000000005a06f170:   0000000000000001 000000005941b6e0
0x000000005a06f180:   75636e6f632f6c69 000000005f6253b3
0x000000005a06f190:   000000005a06f2c0 0000000000000001
0x000000005a06f1a0:   0000000000000001 000000005941b6e0
0x000000005a06f1b0:   0000000000000001 0000000000000000
0x000000005a06f1c0:   0000000000000000 0000000000000000
0x000000005a06f1d0:   0000000000000001 000000005f625571 

Instructions: (pc=0x0000000058c08845)
0x0000000058c08825:   cc cc cc cc cc cc cc cc cc cc cc 48 83 ec 28 48
0x0000000058c08835:   85 c9 75 07 33 c0 48 83 c4 28 c3 48 89 5c 24 20
0x0000000058c08845:   48 8b 19 48 85 db 74 20 48 83 fb 37 74 1a 48 8b
0x0000000058c08855:   13 48 8b cb ff 52 10 84 c0 74 0d 48 8b c3 48 8b 


Register to memory mapping:

RAX=0x000000005a06f101 is pointing into the stack for thread: 0x000000005937c000
RBX=0x000000005937c000 is a thread
RCX=0x75636e6f632f6c69 is an unknown value
RDX=0x0000000000000000 is an unknown value
RSP=0x000000005a06f0e0 is pointing into the stack for thread: 0x000000005937c000
RBP=0x75636e6f632f6c69 is an unknown value
RSI=0x000000005a06f1f8 is pointing into the stack for thread: 0x000000005937c000
RDI=0x00000000022f8e00 is an unknown value
R8 =0x000000005937c000 is a thread
R9 =0x000000000000ff00 is an unknown value
R10=0x0000000000000000 is an unknown value
R11=0x6f6333df00070008 is an unknown value
R12=0x0000000000000000 is an unknown value
R13=0x000000005760e778 is an unknown value
R14=0x0000000000000000 is an unknown value
R15=0x0000000000000000 is an unknown value


Stack: [0x0000000059f70000,0x000000005a070000],  sp=0x000000005a06f0e0,  free space=1020k
Native frames: (J=compiled Java code, j=interpreted, Vv=VM code, C=native code)
V  [jvm.dll+0x128845]
V  [jvm.dll+0x34a9ed]
C  [jdwp.dll+0x21a15]
C  [jdwp.dll+0x53b3]
C  [jdwp.dll+0x5571]
C  [jdwp.dll+0xf0a8]
C  [jdwp.dll+0x1f2d5]
C  [jdwp.dll+0x1f4aa]
V  [jvm.dll+0x1bb8e8]
V  [jvm.dll+0x243134]
V  [jvm.dll+0x299f6a]
C  [msvcr100.dll+0x21d9f]
C  [msvcr100.dll+0x21e3b]
C  [kernel32.dll+0x159cd]
C  [ntdll.dll+0x2a561]


---------------  P R O C E S S  ---------------

Java Threads: ( => current thread )
  0x000000006162d800 JavaThread "http-nio-8083-exec-6" daemon [_thread_blocked, id=8224, stack(0x0000000065cb0000,0x0000000065db0000)]
  0x000000006162d000 JavaThread "http-nio-8083-exec-5" daemon [_thread_blocked, id=8320, stack(0x00000000621a0000,0x00000000622a0000)]
  0x000000006162c000 JavaThread "http-nio-8083-exec-4" daemon [_thread_blocked, id=2900, stack(0x0000000061b30000,0x0000000061c30000)]
  0x000000006162b800 JavaThread "http-nio-8083-exec-3" daemon [_thread_blocked, id=1756, stack(0x0000000061c70000,0x0000000061d70000)]
  0x000000006162a800 JavaThread "http-nio-8083-exec-2" daemon [_thread_blocked, id=8020, stack(0x000000005fa00000,0x000000005fb00000)]
  0x000000005bb2c800 JavaThread "http-nio-8083-exec-1" daemon [_thread_blocked, id=9720, stack(0x000000005b0d0000,0x000000005b1d0000)]
  0x000000005bb2b800 JavaThread "DestroyJavaVM" [_thread_blocked, id=9404, stack(0x0000000002540000,0x0000000002640000)]
  0x000000005bb2b000 JavaThread "http-nio-8083-AsyncTimeout" daemon [_thread_blocked, id=4708, stack(0x0000000063b00000,0x0000000063c00000)]
  0x000000005bb2a000 JavaThread "http-nio-8083-Acceptor-0" daemon [_thread_in_native, id=9272, stack(0x000000005f510000,0x000000005f610000)]
  0x000000005bb29800 JavaThread "http-nio-8083-ClientPoller-1" daemon [_thread_in_native, id=8368, stack(0x0000000065dd0000,0x0000000065ed0000)]
  0x000000005bb28800 JavaThread "http-nio-8083-ClientPoller-0" daemon [_thread_in_native, id=1468, stack(0x0000000065a70000,0x0000000065b70000)]
  0x000000005bb28000 JavaThread "NioBlockingSelector.BlockPoller-1" daemon [_thread_in_native, id=7544, stack(0x00000000653a0000,0x00000000654a0000)]
  0x000000005bb27000 JavaThread "Live Reload Server" daemon [_thread_in_native, id=7000, stack(0x00000000654f0000,0x00000000655f0000)]
  0x000000005bb26800 JavaThread "File Watcher" daemon [_thread_blocked, id=8528, stack(0x00000000656f0000,0x00000000657f0000)]
  0x000000005edd1800 JavaThread "Tomcat JDBC Pool Cleaner[349885916:1511999641228]" daemon [_thread_blocked, id=5712, stack(0x0000000061e00000,0x0000000061f00000)]
  0x000000005e56c800 JavaThread "container-0" [_thread_blocked, id=8928, stack(0x000000005efe0000,0x000000005f0e0000)]
  0x000000005e8ec800 JavaThread "ContainerBackgroundProcessor[StandardEngine[Tomcat]]" daemon [_thread_blocked, id=3388, stack(0x000000005f3d0000,0x000000005f4d0000)]
  0x000000005940d800 JavaThread "Service Thread" daemon [_thread_blocked, id=10140, stack(0x000000005a7b0000,0x000000005a8b0000)]
  0x00000000593bd800 JavaThread "C1 CompilerThread2" daemon [_thread_blocked, id=8672, stack(0x000000005a1b0000,0x000000005a2b0000)]
  0x0000000059397000 JavaThread "C2 CompilerThread1" daemon [_thread_blocked, id=7888, stack(0x000000005a520000,0x000000005a620000)]
  0x0000000059391800 JavaThread "C2 CompilerThread0" daemon [_thread_blocked, id=7760, stack(0x000000005a380000,0x000000005a480000)]
  0x0000000059384000 JavaThread "JDWP Command Reader" daemon [_thread_in_native, id=9816, stack(0x0000000059d60000,0x0000000059e60000)]
  0x0000000059381000 JavaThread "JDWP Event Helper Thread" daemon [_thread_blocked, id=8464, stack(0x000000005a090000,0x000000005a190000)]
=>0x000000005937c000 JavaThread "JDWP Transport Listener: dt_socket" daemon [_thread_in_vm, id=5680, stack(0x0000000059f70000,0x000000005a070000)]
  0x0000000059373800 JavaThread "Attach Listener" daemon [_thread_blocked, id=3864, stack(0x00000000597a0000,0x00000000598a0000)]
  0x0000000059370800 JavaThread "Signal Dispatcher" daemon [_thread_blocked, id=7336, stack(0x0000000058980000,0x0000000058a80000)]
  0x00000000575aa000 JavaThread "Finalizer" daemon [_thread_blocked, id=1860, stack(0x0000000058830000,0x0000000058930000)]
  0x00000000575a3000 JavaThread "Reference Handler" daemon [_thread_blocked, id=6108, stack(0x0000000058520000,0x0000000058620000)]

Other Threads:
  0x000000005759d800 VMThread [stack: 0x0000000058620000,0x0000000058720000] [id=9696]
  0x000000005941c000 WatcherThread [stack: 0x000000005a660000,0x000000005a760000] [id=8416]

VM state:not at safepoint (normal execution)

VM Mutex/Monitor currently owned by a thread: None

Heap:
 PSYoungGen      total 244224K, used 189299K [0x00000000d5e00000, 0x00000000ebc80000, 0x0000000100000000)
  eden space 229376K, 76% used [0x00000000d5e00000,0x00000000e0861480,0x00000000e3e00000)
  from space 14848K, 99% used [0x00000000e3e00000,0x00000000e4c7ba08,0x00000000e4c80000)
  to   space 18432K, 0% used [0x00000000eaa80000,0x00000000eaa80000,0x00000000ebc80000)
 ParOldGen       total 80896K, used 26192K [0x0000000081a00000, 0x0000000086900000, 0x00000000d5e00000)
  object space 80896K, 32% used [0x0000000081a00000,0x0000000083394200,0x0000000086900000)
 Metaspace       used 51637K, capacity 52314K, committed 52608K, reserved 1095680K
  class space    used 6509K, capacity 6668K, committed 6784K, reserved 1048576K

Card table byte_map: [0x0000000011cd0000,0x00000000120d0000] byte_map_base: 0x00000000118c3000

Marking Bits: (ParMarkBitMap*) 0x00000000592ea5b0
 Begin Bits: [0x00000000128e0000, 0x0000000014878000)
 End Bits:   [0x0000000014878000, 0x0000000016810000)

Polling page: 0x0000000000240000

CodeCache: size=245760Kb used=18437Kb max_used=18662Kb free=227322Kb
 bounds [0x0000000002910000, 0x0000000003b60000, 0x0000000011910000]
 total_blobs=5750 nmethods=5224 adapters=446
 compilation: enabled

Compilation events (10 events):
Event: 398.377 Thread 0x00000000593bd800 6155       3       org.springframework.boot.devtools.filewatch.FileSystemWatcher$Watcher::getCurrentSnapshots (63 bytes)
Event: 398.378 Thread 0x00000000593bd800 nmethod 6155 0x00000000030ee790 code [0x00000000030ee9e0, 0x00000000030ef718]
Event: 428.196 Thread 0x0000000059397000 6156       4       java.util.HashSet::size (8 bytes)
Event: 428.197 Thread 0x0000000059397000 nmethod 6156 0x0000000003476590 code [0x00000000034766c0, 0x0000000003476758]
Event: 510.345 Thread 0x00000000593bd800 6157       1       java.util.HashMap$KeySet::size (8 bytes)
Event: 510.345 Thread 0x00000000593bd800 nmethod 6157 0x0000000002a335d0 code [0x0000000002a33720, 0x0000000002a33830]
Event: 515.252 Thread 0x00000000593bd800 6158       3       org.apache.catalina.webresources.Cache$EvictionOrder::compare (13 bytes)
Event: 515.252 Thread 0x00000000593bd800 nmethod 6158 0x0000000002ba42d0 code [0x0000000002ba4460, 0x0000000002ba49b0]
Event: 515.253 Thread 0x00000000593bd800 6159       3       org.apache.catalina.webresources.Cache$EvictionOrder::compare (31 bytes)
Event: 515.253 Thread 0x00000000593bd800 nmethod 6159 0x0000000002bbbfd0 code [0x0000000002bbc140, 0x0000000002bbc450]

GC Heap History (10 events):
Event: 2.572 GC heap before
{Heap before GC invocations=7 (full 1):
 PSYoungGen      total 144896K, used 6395K [0x00000000d5e00000, 0x00000000df800000, 0x0000000100000000)
  eden space 133120K, 0% used [0x00000000d5e00000,0x00000000d5e00000,0x00000000de000000)
  from space 11776K, 54% used [0x00000000dec80000,0x00000000df2becf0,0x00000000df800000)
  to   space 12288K, 0% used [0x00000000de000000,0x00000000de000000,0x00000000dec00000)
 ParOldGen       total 87552K, used 13108K [0x0000000081a00000, 0x0000000086f80000, 0x00000000d5e00000)
  object space 87552K, 14% used [0x0000000081a00000,0x00000000826cd188,0x0000000086f80000)
 Metaspace       used 20886K, capacity 21160K, committed 21296K, reserved 1069056K
  class space    used 2553K, capacity 2657K, committed 2688K, reserved 1048576K
Event: 2.679 GC heap after
Heap after GC invocations=7 (full 1):
 PSYoungGen      total 144896K, used 0K [0x00000000d5e00000, 0x00000000df800000, 0x0000000100000000)
  eden space 133120K, 0% used [0x00000000d5e00000,0x00000000d5e00000,0x00000000de000000)
  from space 11776K, 0% used [0x00000000dec80000,0x00000000dec80000,0x00000000df800000)
  to   space 12288K, 0% used [0x00000000de000000,0x00000000de000000,0x00000000dec00000)
 ParOldGen       total 58368K, used 10389K [0x0000000081a00000, 0x0000000085300000, 0x00000000d5e00000)
  object space 58368K, 17% used [0x0000000081a00000,0x0000000082425628,0x0000000085300000)
 Metaspace       used 20886K, capacity 21160K, committed 21296K, reserved 1069056K
  class space    used 2553K, capacity 2657K, committed 2688K, reserved 1048576K
}
Event: 4.773 GC heap before
{Heap before GC invocations=8 (full 1):
 PSYoungGen      total 144896K, used 133089K [0x00000000d5e00000, 0x00000000df800000, 0x0000000100000000)
  eden space 133120K, 99% used [0x00000000d5e00000,0x00000000ddff8680,0x00000000de000000)
  from space 11776K, 0% used [0x00000000dec80000,0x00000000dec80000,0x00000000df800000)
  to   space 12288K, 0% used [0x00000000de000000,0x00000000de000000,0x00000000dec00000)
 ParOldGen       total 58368K, used 10389K [0x0000000081a00000, 0x0000000085300000, 0x00000000d5e00000)
  object space 58368K, 17% used [0x0000000081a00000,0x0000000082425628,0x0000000085300000)
 Metaspace       used 27665K, capacity 27988K, committed 28160K, reserved 1073152K
  class space    used 3406K, capacity 3507K, committed 3584K, reserved 1048576K
Event: 4.809 GC heap after
Heap after GC invocations=8 (full 1):
 PSYoungGen      total 145408K, used 9877K [0x00000000d5e00000, 0x00000000e5b00000, 0x0000000100000000)
  eden space 133120K, 0% used [0x00000000d5e00000,0x00000000d5e00000,0x00000000de000000)
  from space 12288K, 80% used [0x00000000de000000,0x00000000de9a5600,0x00000000dec00000)
  to   space 12800K, 0% used [0x00000000e4e80000,0x00000000e4e80000,0x00000000e5b00000)
 ParOldGen       total 58368K, used 10397K [0x0000000081a00000, 0x0000000085300000, 0x00000000d5e00000)
  object space 58368K, 17% used [0x0000000081a00000,0x0000000082427628,0x0000000085300000)
 Metaspace       used 27665K, capacity 27988K, committed 28160K, reserved 1073152K
  class space    used 3406K, capacity 3507K, committed 3584K, reserved 1048576K
}
Event: 6.308 GC heap before
{Heap before GC invocations=9 (full 1):
 PSYoungGen      total 145408K, used 130027K [0x00000000d5e00000, 0x00000000e5b00000, 0x0000000100000000)
  eden space 133120K, 90% used [0x00000000d5e00000,0x00000000dd3559a8,0x00000000de000000)
  from space 12288K, 80% used [0x00000000de000000,0x00000000de9a5600,0x00000000dec00000)
  to   space 12800K, 0% used [0x00000000e4e80000,0x00000000e4e80000,0x00000000e5b00000)
 ParOldGen       total 58368K, used 10397K [0x0000000081a00000, 0x0000000085300000, 0x00000000d5e00000)
  object space 58368K, 17% used [0x0000000081a00000,0x0000000082427628,0x0000000085300000)
 Metaspace       used 34887K, capacity 35262K, committed 35456K, reserved 1081344K
  class space    used 4304K, capacity 4410K, committed 4480K, reserved 1048576K
Event: 6.320 GC heap after
Heap after GC invocations=9 (full 1):
 PSYoungGen      total 239616K, used 12784K [0x00000000d5e00000, 0x00000000e5b00000, 0x0000000100000000)
  eden space 226816K, 0% used [0x00000000d5e00000,0x00000000d5e00000,0x00000000e3b80000)
  from space 12800K, 99% used [0x00000000e4e80000,0x00000000e5afc330,0x00000000e5b00000)
  to   space 14848K, 0% used [0x00000000e3e00000,0x00000000e3e00000,0x00000000e4c80000)
 ParOldGen       total 58368K, used 11273K [0x0000000081a00000, 0x0000000085300000, 0x00000000d5e00000)
  object space 58368K, 19% used [0x0000000081a00000,0x00000000825026e8,0x0000000085300000)
 Metaspace       used 34887K, capacity 35262K, committed 35456K, reserved 1081344K
  class space    used 4304K, capacity 4410K, committed 4480K, reserved 1048576K
}
Event: 6.320 GC heap before
{Heap before GC invocations=10 (full 2):
 PSYoungGen      total 239616K, used 12784K [0x00000000d5e00000, 0x00000000e5b00000, 0x0000000100000000)
  eden space 226816K, 0% used [0x00000000d5e00000,0x00000000d5e00000,0x00000000e3b80000)
  from space 12800K, 99% used [0x00000000e4e80000,0x00000000e5afc330,0x00000000e5b00000)
  to   space 14848K, 0% used [0x00000000e3e00000,0x00000000e3e00000,0x00000000e4c80000)
 ParOldGen       total 58368K, used 11273K [0x0000000081a00000, 0x0000000085300000, 0x00000000d5e00000)
  object space 58368K, 19% used [0x0000000081a00000,0x00000000825026e8,0x0000000085300000)
 Metaspace       used 34887K, capacity 35262K, committed 35456K, reserved 1081344K
  class space    used 4304K, capacity 4410K, committed 4480K, reserved 1048576K
Event: 6.427 GC heap after
Heap after GC invocations=10 (full 2):
 PSYoungGen      total 239616K, used 0K [0x00000000d5e00000, 0x00000000e5b00000, 0x0000000100000000)
  eden space 226816K, 0% used [0x00000000d5e00000,0x00000000d5e00000,0x00000000e3b80000)
  from space 12800K, 0% used [0x00000000e4e80000,0x00000000e4e80000,0x00000000e5b00000)
  to   space 14848K, 0% used [0x00000000e3e00000,0x00000000e3e00000,0x00000000e4c80000)
 ParOldGen       total 80896K, used 22608K [0x0000000081a00000, 0x0000000086900000, 0x00000000d5e00000)
  object space 80896K, 27% used [0x0000000081a00000,0x00000000830143f0,0x0000000086900000)
 Metaspace       used 34887K, capacity 35262K, committed 35456K, reserved 1081344K
  class space    used 4304K, capacity 4410K, committed 4480K, reserved 1048576K
}
Event: 11.385 GC heap before
{Heap before GC invocations=11 (full 2):
 PSYoungGen      total 239616K, used 226816K [0x00000000d5e00000, 0x00000000e5b00000, 0x0000000100000000)
  eden space 226816K, 100% used [0x00000000d5e00000,0x00000000e3b80000,0x00000000e3b80000)
  from space 12800K, 0% used [0x00000000e4e80000,0x00000000e4e80000,0x00000000e5b00000)
  to   space 14848K, 0% used [0x00000000e3e00000,0x00000000e3e00000,0x00000000e4c80000)
 ParOldGen       total 80896K, used 22608K [0x0000000081a00000, 0x0000000086900000, 0x00000000d5e00000)
  object space 80896K, 27% used [0x0000000081a00000,0x00000000830143f0,0x0000000086900000)
 Metaspace       used 46650K, capacity 47170K, committed 47616K, reserved 1091584K
  class space    used 5924K, capacity 6028K, committed 6144K, reserved 1048576K
Event: 11.576 GC heap after
Heap after GC invocations=11 (full 2):
 PSYoungGen      total 244224K, used 14830K [0x00000000d5e00000, 0x00000000ebc80000, 0x0000000100000000)
  eden space 229376K, 0% used [0x00000000d5e00000,0x00000000d5e00000,0x00000000e3e00000)
  from space 14848K, 99% used [0x00000000e3e00000,0x00000000e4c7ba08,0x00000000e4c80000)
  to   space 18432K, 0% used [0x00000000eaa80000,0x00000000eaa80000,0x00000000ebc80000)
 ParOldGen       total 80896K, used 26192K [0x0000000081a00000, 0x0000000086900000, 0x00000000d5e00000)
  object space 80896K, 32% used [0x0000000081a00000,0x0000000083394200,0x0000000086900000)
 Metaspace       used 46650K, capacity 47170K, committed 47616K, reserved 1091584K
  class space    used 5924K, capacity 6028K, committed 6144K, reserved 1048576K
}

Deoptimization events (10 events):
Event: 393.036 Thread 0x000000006162d000 Uncommon trap: reason=unhandled action=none pc=0x0000000002ff807c method=java.net.URLClassLoader.findClass(Ljava/lang/String;)Ljava/lang/Class; @ 44
Event: 393.037 Thread 0x000000006162d000 Uncommon trap: reason=unhandled action=none pc=0x0000000002ff807c method=java.net.URLClassLoader.findClass(Ljava/lang/String;)Ljava/lang/Class; @ 44
Event: 393.037 Thread 0x000000006162d000 Uncommon trap: reason=unhandled action=none pc=0x0000000002ff807c method=java.net.URLClassLoader.findClass(Ljava/lang/String;)Ljava/lang/Class; @ 44
Event: 393.037 Thread 0x000000006162d000 Uncommon trap: reason=unhandled action=none pc=0x0000000002ff807c method=java.net.URLClassLoader.findClass(Ljava/lang/String;)Ljava/lang/Class; @ 44
Event: 393.037 Thread 0x000000006162d000 Uncommon trap: reason=unhandled action=none pc=0x0000000002ff807c method=java.net.URLClassLoader.findClass(Ljava/lang/String;)Ljava/lang/Class; @ 44
Event: 393.037 Thread 0x000000006162d000 Uncommon trap: reason=unhandled action=none pc=0x0000000002ff807c method=java.net.URLClassLoader.findClass(Ljava/lang/String;)Ljava/lang/Class; @ 44
Event: 393.038 Thread 0x000000006162d000 Uncommon trap: reason=unhandled action=none pc=0x0000000002ff807c method=java.net.URLClassLoader.findClass(Ljava/lang/String;)Ljava/lang/Class; @ 44
Event: 393.039 Thread 0x000000006162d000 Uncommon trap: reason=unhandled action=none pc=0x0000000002ff807c method=java.net.URLClassLoader.findClass(Ljava/lang/String;)Ljava/lang/Class; @ 44
Event: 393.039 Thread 0x000000006162d000 Uncommon trap: reason=unhandled action=none pc=0x0000000002ff807c method=java.net.URLClassLoader.findClass(Ljava/lang/String;)Ljava/lang/Class; @ 44
Event: 393.039 Thread 0x000000006162d000 Uncommon trap: reason=unhandled action=none pc=0x0000000002ff807c method=java.net.URLClassLoader.findClass(Ljava/lang/String;)Ljava/lang/Class; @ 44

Internal exceptions (10 events):
Event: 294.676 Thread 0x000000005bb2c800 Exception <a 'java/lang/ClassNotFoundException': org/springframework/web/servlet/RequestToViewNameTranslatorCustomizer> (0x00000000d8a062b8) thrown at [C:\re\workspace\8-2-build-windows-amd64-cygwin\jdk8u60\4407\hotspot\src\share\vm\classfile\systemDictionBÜ€„Þjr@
Event: 294.679 Thread 0x000000005bb2c800 Exception <a 'java/lang/ClassNotFoundException': java/lang/ObjectCustomizer> (0x00000000d8a33260) thrown at [C:\re\workspace\8-2-build-windows-amd64-cygwin\jdk8u60\4407\hotspot\src\share\vm\classfile\systemDictionary.cpp, line 210]
Event: 294.681 Thread 0x000000005bb2c800 Exception <a 'java/lang/ClassNotFoundException': org/springframework/web/servlet/support/AbstractFlashMapManagerCustomizer> (0x00000000d8a4bef0) thrown at [C:\re\workspace\8-2-build-windows-amd64-cygwin\jdk8u60\4407\hotspot\src\share\vm\classfile\systemDicØ¹Åyèjr@
Event: 294.682 Thread 0x000000005bb2c800 Exception <a 'java/lang/ClassNotFoundException': org/springframework/web/servlet/support/SessionFlashMapManagerCustomizer> (0x00000000d8a689f0) thrown at [C:\re\workspace\8-2-build-windows-amd64-cygwin\jdk8u60\4407\hotspot\src\share\vm\classfile\systemDict
Event: 294.683 Thread 0x000000005bb2c800 Exception <a 'java/lang/ClassNotFoundException': org/springframework/web/servlet/FlashMapManagerCustomizer> (0x00000000d8a7db00) thrown at [C:\re\workspace\8-2-build-windows-amd64-cygwin\jdk8u60\4407\hotspot\src\share\vm\classfile\systemDictionary.cpp, lin3¿ÖDg|r@
Event: 295.775 Thread 0x000000005bb2c800 Exception <a 'java/lang/reflect/InvocationTargetException'> (0x00000000db7591e0) thrown at [C:\re\workspace\8-2-build-windows-amd64-cygwin\jdk8u60\4407\hotspot\src\share\vm\runtime\reflection.cpp, line 1092]
Event: 295.862 Thread 0x000000005bb2c800 Implicit null exception at 0x0000000002e3b5cb to 0x0000000002e3bb39
Event: 319.435 Thread 0x000000006162b800 Implicit null exception at 0x00000000039c3ff3 to 0x00000000039c4221
Event: 352.379 Thread 0x000000006162b800 Exception <a 'java/lang/reflect/InvocationTargetException'> (0x00000000dd50cb08) thrown at [C:\re\workspace\8-2-build-windows-amd64-cygwin\jdk8u60\4407\hotspot\src\share\vm\runtime\reflection.cpp, line 1092]
Event: 393.014 Thread 0x000000006162d000 Exception <a 'java/lang/reflect/InvocationTargetException'> (0x00000000decdde10) thrown at [C:\re\workspace\8-2-build-windows-amd64-cygwin\jdk8u60\4407\hotspot\src\share\vm\runtime\reflection.cpp, line 1092]

Events (10 events):
Event: 515.253 Thread 0x00000000593bd800 flushing nmethod 0x0000000002ca2150
Event: 515.253 Thread 0x00000000593bd800 flushing nmethod 0x0000000002cdd450
Event: 515.253 Thread 0x00000000593bd800 flushing nmethod 0x0000000002ce8b10
Event: 515.253 Thread 0x00000000593bd800 flushing nmethod 0x0000000002dd2cd0
Event: 515.253 Thread 0x00000000593bd800 flushing nmethod 0x0000000002dd4ed0
Event: 515.253 Thread 0x00000000593bd800 flushing nmethod 0x0000000002dd5250
Event: 515.253 Thread 0x00000000593bd800 flushing nmethod 0x0000000002e16590
Event: 515.253 Thread 0x00000000593bd800 flushing nmethod 0x0000000002e40210
Event: 560.432 Executing VM operation: RedefineClasses
Event: 560.470 Executing VM operation: RedefineClasses done


Dynamic libraries:
0x000000013fe10000 - 0x000000013fe47000 	C:\Program Files\Java\jdk1.8.0_60\bin\javaw.exe
0x00000000778b0000 - 0x0000000077a5a000 	C:\windows\SYSTEM32\ntdll.dll
0x000007fef5590000 - 0x000007fef55c4000 	C:\Program Files\AVAST Software\Avast\x64\aswhooka.dll
0x0000000077690000 - 0x00000000777af000 	C:\windows\system32\kernel32.dll
0x000007fefd6c0000 - 0x000007fefd72a000 	C:\windows\system32\KERNELBASE.dll
0x000007feffa10000 - 0x000007feffaeb000 	C:\windows\system32\ADVAPI32.dll
0x000007feff240000 - 0x000007feff2df000 	C:\windows\system32\msvcrt.dll
0x000007fefee50000 - 0x000007fefee6f000 	C:\windows\SYSTEM32\sechost.dll
0x000007feff110000 - 0x000007feff23d000 	C:\windows\system32\RPCRT4.dll
0x00000000777b0000 - 0x00000000778aa000 	C:\windows\system32\USER32.dll
0x000007feff780000 - 0x000007feff7e7000 	C:\windows\system32\GDI32.dll
0x000007fefee40000 - 0x000007fefee4e000 	C:\windows\system32\LPK.dll
0x000007fefd960000 - 0x000007fefda2b000 	C:\windows\system32\USP10.dll
0x000007fefcb70000 - 0x000007fefcd64000 	C:\windows\WinSxS\amd64_microsoft.windows.common-controls_6595b64144ccf1df_6.0.7601.18837_none_fa3b1e3d17594757\COMCTL32.dll
0x000007feff2e0000 - 0x000007feff351000 	C:\windows\system32\SHLWAPI.dll
0x000007feffb90000 - 0x000007feffbbe000 	C:\windows\system32\IMM32.DLL
0x000007feff000000 - 0x000007feff109000 	C:\windows\system32\MSCTF.dll
0x000000005f6a0000 - 0x000000005f772000 	C:\Program Files\Java\jdk1.8.0_60\jre\bin\msvcr100.dll
0x0000000058ae0000 - 0x0000000059369000 	C:\Program Files\Java\jdk1.8.0_60\jre\bin\server\jvm.dll
0x000007fef6eb0000 - 0x000007fef6eb9000 	C:\windows\system32\WSOCK32.dll
0x000007fefedf0000 - 0x000007fefee3d000 	C:\windows\system32\WS2_32.dll
0x000007feff770000 - 0x000007feff778000 	C:\windows\system32\NSI.dll
0x000007fef9d80000 - 0x000007fef9dbb000 	C:\windows\system32\WINMM.dll
0x000007fefc620000 - 0x000007fefc62c000 	C:\windows\system32\VERSION.dll
0x0000000077a80000 - 0x0000000077a87000 	C:\windows\system32\PSAPI.DLL
0x0000000063d00000 - 0x0000000063d0f000 	C:\Program Files\Java\jdk1.8.0_60\jre\bin\verify.dll
0x0000000063cd0000 - 0x0000000063cf9000 	C:\Program Files\Java\jdk1.8.0_60\jre\bin\java.dll
0x000000005f620000 - 0x000000005f655000 	C:\Program Files\Java\jdk1.8.0_60\jre\bin\jdwp.dll
0x0000000063c60000 - 0x0000000063c68000 	C:\Program Files\Java\jdk1.8.0_60\jre\bin\npt.dll
0x0000000063cb0000 - 0x0000000063cc6000 	C:\Program Files\Java\jdk1.8.0_60\jre\bin\zip.dll
0x000007fefe060000 - 0x000007fefedea000 	C:\windows\system32\SHELL32.dll
0x000007feff810000 - 0x000007feffa0c000 	C:\windows\system32\ole32.dll
0x000007fefd5a0000 - 0x000007fefd5af000 	C:\windows\system32\profapi.dll
0x0000000063d30000 - 0x0000000063d39000 	C:\Program Files\Java\jdk1.8.0_60\jre\bin\dt_socket.dll
0x000007fef99b0000 - 0x000007fef99c5000 	C:\windows\system32\NLAapi.dll
0x000007fef6e90000 - 0x000007fef6ea5000 	C:\windows\system32\napinsp.dll
0x000007fef6e70000 - 0x000007fef6e89000 	C:\windows\system32\pnrpnsp.dll
0x000007fefcaf0000 - 0x000007fefcb45000 	C:\windows\System32\mswsock.dll
0x000007fefc970000 - 0x000007fefc9cb000 	C:\windows\system32\DNSAPI.dll
0x000007fef6f00000 - 0x000007fef6f0b000 	C:\windows\System32\winrnr.dll
0x000007fef6e60000 - 0x000007fef6e70000 	C:\windows\system32\wshbth.dll
0x000000006f3e0000 - 0x000000006f406000 	C:\Program Files\Bonjour\mdnsNSP.dll
0x000007fefcec0000 - 0x000007fefcee7000 	C:\windows\system32\Iphlpapi.DLL
0x000007fefceb0000 - 0x000007fefcebb000 	C:\windows\system32\WINNSI.DLL
0x000007fefc220000 - 0x000007fefc273000 	C:\windows\System32\fwpuclnt.dll
0x000007fef6e50000 - 0x000007fef6e58000 	C:\windows\system32\rasadhlp.dll
0x000007fefbe90000 - 0x000007fefbe97000 	C:\windows\System32\wshtcpip.dll
0x0000000063c40000 - 0x0000000063c4d000 	C:\Program Files\Java\jdk1.8.0_60\jre\bin\management.dll
0x0000000063c90000 - 0x0000000063caa000 	C:\Program Files\Java\jdk1.8.0_60\jre\bin\net.dll
0x000007fefcae0000 - 0x000007fefcae7000 	C:\windows\System32\wship6.dll
0x0000000063c70000 - 0x0000000063c81000 	C:\Program Files\Java\jdk1.8.0_60\jre\bin\nio.dll
0x000007fefcb50000 - 0x000007fefcb68000 	C:\windows\system32\CRYPTSP.dll
0x000007fefc850000 - 0x000007fefc897000 	C:\windows\system32\rsaenh.dll
0x000007fefd600000 - 0x000007fefd61e000 	C:\windows\system32\USERENV.dll
0x000007fefd440000 - 0x000007fefd44f000 	C:\windows\system32\CRYPTBASE.dll
0x000007fefbff0000 - 0x000007fefc008000 	C:\windows\system32\dhcpcsvc.DLL
0x000007fefbfd0000 - 0x000007fefbfe1000 	C:\windows\system32\dhcpcsvc6.DLL
0x000007fefb0a0000 - 0x000007fefb1c5000 	C:\windows\system32\dbghelp.dll

VM Arguments:
jvm_args: -agentlib:jdwp=transport=dt_socket,suspend=y,address=localhost:65113 -Dfile.encoding=UTF-8 
java_command: com.nba.players.MyApplication
java_class_path (initial): C:\workspace\nba\target\classes;D:\Users\omer.topal\.m2\repository\org\springframework\boot\spring-boot-starter-web\1.5.2.RELEASE\spring-boot-starter-web-1.5.2.RELEASE.jar;D:\Users\omer.topal\.m2\repository\org\springframework\boot\spring-boot-starter\1.5.2.RELEASE\spring-boot-starter-1.5.2.RELEASE.jar;D:\Users\omer.topal\.m2\repository\org\springframework\boot\spring-boot-starter-logging\1.5.2.RELEASE\spring-boot-starter-logging-1.5.2.RELEASE.jar;D:\Users\omer.topal\.m2\repository\ch\qos\logback\logback-classic\1.1.11\logback-classic-1.1.11.jar;D:\Users\omer.topal\.m2\repository\ch\qos\logback\logback-core\1.1.11\logback-core-1.1.11.jar;D:\Users\omer.topal\.m2\repository\org\slf4j\jul-to-slf4j\1.7.24\jul-to-slf4j-1.7.24.jar;D:\Users\omer.topal\.m2\repository\org\slf4j\log4j-over-slf4j\1.7.24\log4j-over-slf4j-1.7.24.jar;D:\Users\omer.topal\.m2\repository\org\springframework\spring-core\4.3.7.RELEASE\spring-core-4.3.7.RELEASE.jar;D:\Users\omer.topal\.m2\repository\org\yaml\snakeyaml\1.17\snakeyaml-1.17.jar;D:\Users\omer.topal\.m2\repository\org\springframework\boot\spring-boot-starter-tomcat\1.5.2.RELEASE\spring-boot-starter-tomcat-1.5.2.RELEASE.jar;D:\Users\omer.topal\.m2\repository\org\apache\tomcat\embed\tomcat-embed-core\8.5.11\tomcat-embed-core-8.5.11.jar;D:\Users\omer.topal\.m2\repository\org\apache\tomcat\embed\tomcat-embed-el\8.5.11\tomcat-embed-el-8.5.11.jar;D:\Users\omer.topal\.m2\repository\org\apache\tomcat\embed\tomcat-embed-websocket\8.5.11\tomcat-embed-websocket-8.5.11.jar;D:\Users\omer.topal\.m2\repository\org\hibernate\hibernate-validator\5.3.4.Final\hibernate-validator-5.3.4.Final.jar;D:\Users\omer.topal\.m2\repository\javax\validation\validation-api\1.1.0.Final\validation-api-1.1.0.Final.jar;D:\Users\omer.topal\.m2\repository\org\jboss\logging\jboss-logging\3.3.0.Final\jboss-logging-3.3.0.Final.jar;D:\Users\omer.topal\.m2\repository\com\fasterxml\classmate\1.3.3\classmate-1.3.3.jar;D:\Users\omer.topal\.m2\repository\com
Launcher Type: SUN_STANDARD

Environment Variables:
JAVA_HOME=C:\Program Files\Java\jdk1.8.0_60
PATH=C:\Program Files\Java\jdk1.8.0_60\jre\bin;C:/Program Files/Java/jdk1.8.0_60/bin/../jre/bin/server;C:/Program Files/Java/jdk1.8.0_60/bin/../jre/bin;C:/Program Files/Java/jdk1.8.0_60/bin/../jre/lib/amd64;C:\oraclexe\product\11.2.0\client_1\bin;C:\oraclexe\app\oracle\product\11.2.0\server\bin;C:\Program Files\apache-maven-3.5.0\bin;C:\Program Files\Java\jdk1.8.0_60\bin\;C:\Program Files\Git\cmd;C:\Program Files (x86)\Skype\Phone\;C:\eclipse_neon;
USERNAME=omer.topal
OS=Windows_NT
PROCESSOR_IDENTIFIER=Intel64 Family 6 Model 61 Stepping 4, GenuineIntel



---------------  S Y S T E M  ---------------

OS: Windows 7 , 64 bit Build 7601 (6.1.7601.23915)

CPU:total 4 (2 cores per cpu, 2 threads per core) family 6 model 61 stepping 4, cmov, cx8, fxsr, mmx, sse, sse2, sse3, ssse3, sse4.1, sse4.2, popcnt, avx, avx2, aes, clmul, erms, 3dnowpref, lzcnt, ht, tsc, tscinvbit, bmi1, bmi2, adx

Memory: 4k page, physical 8277104k(3415308k free), swap 16552348k(10469616k free)

vm_info: Java HotSpot(TM) 64-Bit Server VM (25.60-b23) for windows-amd64 JRE (1.8.0_60-b27), built on Aug  4 2015 11:06:27 by "java_re" with MS VC++ 10.0 (VS2010)

time: Thu Nov 30 03:03:16 2017
elapsed time: 560 seconds (0d 0h 9m 20s)

